[0.011s] Invoking command in '/home/karthik/Articulated_Robotics/dev_ws/build/my_package': CMAKE_PREFIX_PATH=/home/karthik/BitBots/ros2_ws/install/robot_controller:/opt/ros/humble /usr/bin/cmake /home/karthik/Articulated_Robotics/dev_ws/src/my_package -DAMENT_CMAKE_SYMLINK_INSTALL=1 -DCMAKE_INSTALL_PREFIX=/home/karthik/Articulated_Robotics/dev_ws/install/my_package
[0.097s] -- The C compiler identification is GNU 11.4.0
[0.167s] -- The CXX compiler identification is GNU 11.4.0
[0.177s] -- Detecting C compiler ABI info
[0.243s] -- Detecting C compiler ABI info - done
[0.250s] -- Check for working C compiler: /usr/bin/cc - skipped
[0.250s] -- Detecting C compile features
[0.251s] -- Detecting C compile features - done
[0.254s] -- Detecting CXX compiler ABI info
[0.331s] -- Detecting CXX compiler ABI info - done
[0.339s] -- Check for working CXX compiler: /usr/bin/c++ - skipped
[0.339s] -- Detecting CXX compile features
[0.339s] -- Detecting CXX compile features - done
[0.348s] -- Found ament_cmake: 1.3.5 (/opt/ros/humble/share/ament_cmake/cmake)
[0.518s] -- Found Python3: /usr/bin/python3.10 (found version "3.10.12") found components: Interpreter 
[0.588s] -- Override CMake install command with custom implementation using symlinks instead of copying resources
[0.615s] -- Found ament_lint_auto: 0.12.7 (/opt/ros/humble/share/ament_lint_auto/cmake)
[0.689s] -- Added test 'flake8' to check Python code syntax and style conventions
[0.690s] -- Added test 'lint_cmake' to check CMake code style
[0.690s] -- Added test 'pep257' to check Python code against some of the docstring style conventions in PEP 257
[0.692s] -- Added test 'xmllint' to check XML markup files
[0.693s] -- Configuring done
[0.696s] -- Generating done
[0.697s] -- Build files have been written to: /home/karthik/Articulated_Robotics/dev_ws/build/my_package
[0.703s] Invoked command in '/home/karthik/Articulated_Robotics/dev_ws/build/my_package' returned '0': CMAKE_PREFIX_PATH=/home/karthik/BitBots/ros2_ws/install/robot_controller:/opt/ros/humble /usr/bin/cmake /home/karthik/Articulated_Robotics/dev_ws/src/my_package -DAMENT_CMAKE_SYMLINK_INSTALL=1 -DCMAKE_INSTALL_PREFIX=/home/karthik/Articulated_Robotics/dev_ws/install/my_package
[0.704s] Invoking command in '/home/karthik/Articulated_Robotics/dev_ws/build/my_package': CMAKE_PREFIX_PATH=/home/karthik/BitBots/ros2_ws/install/robot_controller:/opt/ros/humble /usr/bin/cmake --build /home/karthik/Articulated_Robotics/dev_ws/build/my_package -- -j8 -l8
[0.743s] Invoked command in '/home/karthik/Articulated_Robotics/dev_ws/build/my_package' returned '0': CMAKE_PREFIX_PATH=/home/karthik/BitBots/ros2_ws/install/robot_controller:/opt/ros/humble /usr/bin/cmake --build /home/karthik/Articulated_Robotics/dev_ws/build/my_package -- -j8 -l8
[0.774s] Invoking command in '/home/karthik/Articulated_Robotics/dev_ws/build/my_package': CMAKE_PREFIX_PATH=/home/karthik/BitBots/ros2_ws/install/robot_controller:/opt/ros/humble /usr/bin/cmake --install /home/karthik/Articulated_Robotics/dev_ws/build/my_package
[0.782s] -- Install configuration: ""
[0.782s] -- Execute custom install script
[0.783s] -- Symlinking: /home/karthik/Articulated_Robotics/dev_ws/install/my_package/share/my_package/launch/listener.launch.py
[0.792s] -- Symlinking: /home/karthik/Articulated_Robotics/dev_ws/install/my_package/share/my_package/launch/talker.launch.py
[0.801s] -- Symlinking: /home/karthik/Articulated_Robotics/dev_ws/install/my_package/share/ament_index/resource_index/package_run_dependencies/my_package
[0.810s] -- Symlinking: /home/karthik/Articulated_Robotics/dev_ws/install/my_package/share/ament_index/resource_index/parent_prefix_path/my_package
[0.819s] -- Symlinking: /home/karthik/Articulated_Robotics/dev_ws/install/my_package/share/my_package/environment/ament_prefix_path.sh
[0.828s] -- Symlinking: /home/karthik/Articulated_Robotics/dev_ws/install/my_package/share/my_package/environment/ament_prefix_path.dsv
[0.838s] -- Symlinking: /home/karthik/Articulated_Robotics/dev_ws/install/my_package/share/my_package/environment/path.sh
[0.847s] -- Symlinking: /home/karthik/Articulated_Robotics/dev_ws/install/my_package/share/my_package/environment/path.dsv
[0.856s] -- Symlinking: /home/karthik/Articulated_Robotics/dev_ws/install/my_package/share/my_package/local_setup.bash
[0.865s] -- Symlinking: /home/karthik/Articulated_Robotics/dev_ws/install/my_package/share/my_package/local_setup.sh
[0.874s] -- Symlinking: /home/karthik/Articulated_Robotics/dev_ws/install/my_package/share/my_package/local_setup.zsh
[0.883s] -- Symlinking: /home/karthik/Articulated_Robotics/dev_ws/install/my_package/share/my_package/local_setup.dsv
[0.891s] -- Symlinking: /home/karthik/Articulated_Robotics/dev_ws/install/my_package/share/my_package/package.dsv
[0.899s] -- Symlinking: /home/karthik/Articulated_Robotics/dev_ws/install/my_package/share/ament_index/resource_index/packages/my_package
[0.908s] -- Symlinking: /home/karthik/Articulated_Robotics/dev_ws/install/my_package/share/my_package/cmake/my_packageConfig.cmake
[0.917s] -- Symlinking: /home/karthik/Articulated_Robotics/dev_ws/install/my_package/share/my_package/cmake/my_packageConfig-version.cmake
[0.926s] -- Symlinking: /home/karthik/Articulated_Robotics/dev_ws/install/my_package/share/my_package/package.xml
[0.938s] Invoked command in '/home/karthik/Articulated_Robotics/dev_ws/build/my_package' returned '0': CMAKE_PREFIX_PATH=/home/karthik/BitBots/ros2_ws/install/robot_controller:/opt/ros/humble /usr/bin/cmake --install /home/karthik/Articulated_Robotics/dev_ws/build/my_package
