[0.014s] Invoking command in '/home/karthik/Articulated_Robotics/dev_ws/build/my_package': CMAKE_PREFIX_PATH=${CMAKE_PREFIX_PATH}:/home/karthik/BitBots/ros2_ws/install/robot_controller:/opt/ros/humble /usr/bin/cmake --build /home/karthik/Articulated_Robotics/dev_ws/build/my_package -- -j8 -l8
[0.053s] Invoked command in '/home/karthik/Articulated_Robotics/dev_ws/build/my_package' returned '0': CMAKE_PREFIX_PATH=${CMAKE_PREFIX_PATH}:/home/karthik/BitBots/ros2_ws/install/robot_controller:/opt/ros/humble /usr/bin/cmake --build /home/karthik/Articulated_Robotics/dev_ws/build/my_package -- -j8 -l8
[0.084s] Invoking command in '/home/karthik/Articulated_Robotics/dev_ws/build/my_package': CMAKE_PREFIX_PATH=${CMAKE_PREFIX_PATH}:/home/karthik/BitBots/ros2_ws/install/robot_controller:/opt/ros/humble /usr/bin/cmake --install /home/karthik/Articulated_Robotics/dev_ws/build/my_package
[0.091s] -- Install configuration: ""
[0.091s] -- Execute custom install script
[0.092s] -- Up-to-date symlink: /home/karthik/Articulated_Robotics/dev_ws/install/my_package/share/my_package/launch/listener.launch.py
[0.092s] -- Up-to-date symlink: /home/karthik/Articulated_Robotics/dev_ws/install/my_package/share/my_package/launch/talker.launch.py
[0.092s] -- Up-to-date symlink: /home/karthik/Articulated_Robotics/dev_ws/install/my_package/share/ament_index/resource_index/package_run_dependencies/my_package
[0.092s] -- Up-to-date symlink: /home/karthik/Articulated_Robotics/dev_ws/install/my_package/share/ament_index/resource_index/parent_prefix_path/my_package
[0.092s] -- Up-to-date symlink: /home/karthik/Articulated_Robotics/dev_ws/install/my_package/share/my_package/environment/ament_prefix_path.sh
[0.092s] -- Up-to-date symlink: /home/karthik/Articulated_Robotics/dev_ws/install/my_package/share/my_package/environment/ament_prefix_path.dsv
[0.093s] -- Up-to-date symlink: /home/karthik/Articulated_Robotics/dev_ws/install/my_package/share/my_package/environment/path.sh
[0.093s] -- Up-to-date symlink: /home/karthik/Articulated_Robotics/dev_ws/install/my_package/share/my_package/environment/path.dsv
[0.093s] -- Up-to-date symlink: /home/karthik/Articulated_Robotics/dev_ws/install/my_package/share/my_package/local_setup.bash
[0.093s] -- Up-to-date symlink: /home/karthik/Articulated_Robotics/dev_ws/install/my_package/share/my_package/local_setup.sh
[0.093s] -- Up-to-date symlink: /home/karthik/Articulated_Robotics/dev_ws/install/my_package/share/my_package/local_setup.zsh
[0.093s] -- Up-to-date symlink: /home/karthik/Articulated_Robotics/dev_ws/install/my_package/share/my_package/local_setup.dsv
[0.093s] -- Symlinking: /home/karthik/Articulated_Robotics/dev_ws/install/my_package/share/my_package/package.dsv
[0.103s] -- Up-to-date symlink: /home/karthik/Articulated_Robotics/dev_ws/install/my_package/share/ament_index/resource_index/packages/my_package
[0.103s] -- Up-to-date symlink: /home/karthik/Articulated_Robotics/dev_ws/install/my_package/share/my_package/cmake/my_packageConfig.cmake
[0.103s] -- Up-to-date symlink: /home/karthik/Articulated_Robotics/dev_ws/install/my_package/share/my_package/cmake/my_packageConfig-version.cmake
[0.103s] -- Up-to-date symlink: /home/karthik/Articulated_Robotics/dev_ws/install/my_package/share/my_package/package.xml
[0.106s] Invoked command in '/home/karthik/Articulated_Robotics/dev_ws/build/my_package' returned '0': CMAKE_PREFIX_PATH=${CMAKE_PREFIX_PATH}:/home/karthik/BitBots/ros2_ws/install/robot_controller:/opt/ros/humble /usr/bin/cmake --install /home/karthik/Articulated_Robotics/dev_ws/build/my_package
