[0.307s] DEBUG:colcon:Command line arguments: ['/usr/bin/colcon', 'build', '--symlink-install']
[0.308s] DEBUG:colcon:Parsed command line arguments: Namespace(log_base=None, log_level=None, verb_name='build', build_base='build', install_base='install', merge_install=False, symlink_install=True, test_result_base=None, continue_on_error=False, executor='parallel', parallel_workers=8, event_handlers=None, ignore_user_meta=False, metas=['./colcon.meta'], base_paths=['.'], packages_ignore=None, packages_ignore_regex=None, paths=None, packages_up_to=None, packages_up_to_regex=None, packages_above=None, packages_above_and_dependencies=None, packages_above_depth=None, packages_select_by_dep=None, packages_skip_by_dep=None, packages_skip_up_to=None, packages_select_build_failed=False, packages_skip_build_finished=False, packages_select_test_failures=False, packages_skip_test_passed=False, packages_select=None, packages_skip=None, packages_select_regex=None, packages_skip_regex=None, packages_start=None, packages_end=None, allow_overriding=[], cmake_args=None, cmake_target=None, cmake_target_skip_unavailable=False, cmake_clean_cache=False, cmake_clean_first=False, cmake_force_configure=False, ament_cmake_args=None, catkin_cmake_args=None, catkin_skip_building_tests=False, verb_parser=<colcon_defaults.argument_parser.defaults.DefaultArgumentsDecorator object at 0x7f3fa38ad120>, verb_extension=<colcon_core.verb.build.BuildVerb object at 0x7f3fa38acbb0>, main=<bound method BuildVerb.main of <colcon_core.verb.build.BuildVerb object at 0x7f3fa38acbb0>>)
[0.329s] Level 1:colcon.colcon_core.package_discovery:discover_packages(colcon_meta) check parameters
[0.329s] Level 1:colcon.colcon_core.package_discovery:discover_packages(recursive) check parameters
[0.329s] Level 1:colcon.colcon_core.package_discovery:discover_packages(ignore) check parameters
[0.329s] Level 1:colcon.colcon_core.package_discovery:discover_packages(path) check parameters
[0.329s] Level 1:colcon.colcon_core.package_discovery:discover_packages(colcon_meta) discover
[0.329s] Level 1:colcon.colcon_core.package_discovery:discover_packages(recursive) discover
[0.330s] INFO:colcon.colcon_core.package_discovery:Crawling recursively for packages in '/home/karthik/Articulated_Robotics/dev_ws'
[0.330s] Level 1:colcon.colcon_core.package_identification:_identify(.) by extensions ['ignore', 'ignore_ament_install']
[0.330s] Level 1:colcon.colcon_core.package_identification:_identify(.) by extension 'ignore'
[0.330s] Level 1:colcon.colcon_core.package_identification:_identify(.) by extension 'ignore_ament_install'
[0.330s] Level 1:colcon.colcon_core.package_identification:_identify(.) by extensions ['colcon_pkg']
[0.330s] Level 1:colcon.colcon_core.package_identification:_identify(.) by extension 'colcon_pkg'
[0.330s] Level 1:colcon.colcon_core.package_identification:_identify(.) by extensions ['colcon_meta']
[0.330s] Level 1:colcon.colcon_core.package_identification:_identify(.) by extension 'colcon_meta'
[0.330s] Level 1:colcon.colcon_core.package_identification:_identify(.) by extensions ['ros']
[0.330s] Level 1:colcon.colcon_core.package_identification:_identify(.) by extension 'ros'
[0.340s] Level 1:colcon.colcon_core.package_identification:_identify(.) by extensions ['cmake', 'python']
[0.340s] Level 1:colcon.colcon_core.package_identification:_identify(.) by extension 'cmake'
[0.340s] Level 1:colcon.colcon_core.package_identification:_identify(.) by extension 'python'
[0.340s] Level 1:colcon.colcon_core.package_identification:_identify(.) by extensions ['python_setup_py']
[0.340s] Level 1:colcon.colcon_core.package_identification:_identify(.) by extension 'python_setup_py'
[0.340s] Level 1:colcon.colcon_core.package_identification:_identify(build) by extensions ['ignore', 'ignore_ament_install']
[0.340s] Level 1:colcon.colcon_core.package_identification:_identify(build) by extension 'ignore'
[0.340s] Level 1:colcon.colcon_core.package_identification:_identify(build) ignored
[0.340s] Level 1:colcon.colcon_core.package_identification:_identify(install) by extensions ['ignore', 'ignore_ament_install']
[0.340s] Level 1:colcon.colcon_core.package_identification:_identify(install) by extension 'ignore'
[0.341s] Level 1:colcon.colcon_core.package_identification:_identify(install) ignored
[0.341s] Level 1:colcon.colcon_core.package_identification:_identify(log) by extensions ['ignore', 'ignore_ament_install']
[0.341s] Level 1:colcon.colcon_core.package_identification:_identify(log) by extension 'ignore'
[0.341s] Level 1:colcon.colcon_core.package_identification:_identify(log) ignored
[0.341s] Level 1:colcon.colcon_core.package_identification:_identify(src) by extensions ['ignore', 'ignore_ament_install']
[0.341s] Level 1:colcon.colcon_core.package_identification:_identify(src) by extension 'ignore'
[0.341s] Level 1:colcon.colcon_core.package_identification:_identify(src) by extension 'ignore_ament_install'
[0.341s] Level 1:colcon.colcon_core.package_identification:_identify(src) by extensions ['colcon_pkg']
[0.341s] Level 1:colcon.colcon_core.package_identification:_identify(src) by extension 'colcon_pkg'
[0.341s] Level 1:colcon.colcon_core.package_identification:_identify(src) by extensions ['colcon_meta']
[0.341s] Level 1:colcon.colcon_core.package_identification:_identify(src) by extension 'colcon_meta'
[0.341s] Level 1:colcon.colcon_core.package_identification:_identify(src) by extensions ['ros']
[0.341s] Level 1:colcon.colcon_core.package_identification:_identify(src) by extension 'ros'
[0.341s] Level 1:colcon.colcon_core.package_identification:_identify(src) by extensions ['cmake', 'python']
[0.341s] Level 1:colcon.colcon_core.package_identification:_identify(src) by extension 'cmake'
[0.341s] Level 1:colcon.colcon_core.package_identification:_identify(src) by extension 'python'
[0.341s] Level 1:colcon.colcon_core.package_identification:_identify(src) by extensions ['python_setup_py']
[0.341s] Level 1:colcon.colcon_core.package_identification:_identify(src) by extension 'python_setup_py'
[0.341s] Level 1:colcon.colcon_core.package_identification:_identify(src/my_package) by extensions ['ignore', 'ignore_ament_install']
[0.342s] Level 1:colcon.colcon_core.package_identification:_identify(src/my_package) by extension 'ignore'
[0.342s] Level 1:colcon.colcon_core.package_identification:_identify(src/my_package) by extension 'ignore_ament_install'
[0.342s] Level 1:colcon.colcon_core.package_identification:_identify(src/my_package) by extensions ['colcon_pkg']
[0.342s] Level 1:colcon.colcon_core.package_identification:_identify(src/my_package) by extension 'colcon_pkg'
[0.342s] Level 1:colcon.colcon_core.package_identification:_identify(src/my_package) by extensions ['colcon_meta']
[0.342s] Level 1:colcon.colcon_core.package_identification:_identify(src/my_package) by extension 'colcon_meta'
[0.342s] Level 1:colcon.colcon_core.package_identification:_identify(src/my_package) by extensions ['ros']
[0.342s] Level 1:colcon.colcon_core.package_identification:_identify(src/my_package) by extension 'ros'
[0.344s] DEBUG:colcon.colcon_core.package_identification:Package 'src/my_package' with type 'ros.ament_cmake' and name 'my_package'
[0.344s] Level 1:colcon.colcon_core.package_discovery:discover_packages(recursive) using defaults
[0.345s] Level 1:colcon.colcon_core.package_discovery:discover_packages(ignore) discover
[0.345s] Level 1:colcon.colcon_core.package_discovery:discover_packages(ignore) using defaults
[0.345s] Level 1:colcon.colcon_core.package_discovery:discover_packages(path) discover
[0.345s] Level 1:colcon.colcon_core.package_discovery:discover_packages(path) using defaults
[0.367s] Level 1:colcon.colcon_core.package_discovery:discover_packages(prefix_path) check parameters
[0.367s] Level 1:colcon.colcon_core.package_discovery:discover_packages(prefix_path) discover
[0.369s] DEBUG:colcon.colcon_installed_package_information.package_discovery:Found 1 installed packages in /home/karthik/BitBots/ros2_ws/install
[0.371s] DEBUG:colcon.colcon_installed_package_information.package_discovery:Found 270 installed packages in /opt/ros/humble
[0.372s] Level 1:colcon.colcon_core.package_discovery:discover_packages(prefix_path) using defaults
[0.427s] Level 5:colcon.colcon_core.verb:set package 'my_package' build argument 'cmake_args' from command line to 'None'
[0.428s] Level 5:colcon.colcon_core.verb:set package 'my_package' build argument 'cmake_target' from command line to 'None'
[0.428s] Level 5:colcon.colcon_core.verb:set package 'my_package' build argument 'cmake_target_skip_unavailable' from command line to 'False'
[0.428s] Level 5:colcon.colcon_core.verb:set package 'my_package' build argument 'cmake_clean_cache' from command line to 'False'
[0.428s] Level 5:colcon.colcon_core.verb:set package 'my_package' build argument 'cmake_clean_first' from command line to 'False'
[0.428s] Level 5:colcon.colcon_core.verb:set package 'my_package' build argument 'cmake_force_configure' from command line to 'False'
[0.428s] Level 5:colcon.colcon_core.verb:set package 'my_package' build argument 'ament_cmake_args' from command line to 'None'
[0.428s] Level 5:colcon.colcon_core.verb:set package 'my_package' build argument 'catkin_cmake_args' from command line to 'None'
[0.428s] Level 5:colcon.colcon_core.verb:set package 'my_package' build argument 'catkin_skip_building_tests' from command line to 'False'
[0.428s] DEBUG:colcon.colcon_core.verb:Building package 'my_package' with the following arguments: {'ament_cmake_args': None, 'build_base': '/home/karthik/Articulated_Robotics/dev_ws/build/my_package', 'catkin_cmake_args': None, 'catkin_skip_building_tests': False, 'cmake_args': None, 'cmake_clean_cache': False, 'cmake_clean_first': False, 'cmake_force_configure': False, 'cmake_target': None, 'cmake_target_skip_unavailable': False, 'install_base': '/home/karthik/Articulated_Robotics/dev_ws/install/my_package', 'merge_install': False, 'path': '/home/karthik/Articulated_Robotics/dev_ws/src/my_package', 'symlink_install': True, 'test_result_base': None}
[0.428s] INFO:colcon.colcon_core.executor:Executing jobs using 'parallel' executor
[0.431s] DEBUG:colcon.colcon_parallel_executor.executor.parallel:run_until_complete
[0.431s] INFO:colcon.colcon_ros.task.ament_cmake.build:Building ROS package in '/home/karthik/Articulated_Robotics/dev_ws/src/my_package' with build type 'ament_cmake'
[0.431s] INFO:colcon.colcon_cmake.task.cmake.build:Building CMake package in '/home/karthik/Articulated_Robotics/dev_ws/src/my_package'
[0.435s] INFO:colcon.colcon_core.plugin_system:Skipping extension 'colcon_core.shell.bat': Not used on non-Windows systems
[0.436s] INFO:colcon.colcon_core.shell:Skip shell extension 'powershell' for command environment: Not usable outside of PowerShell
[0.436s] DEBUG:colcon.colcon_core.shell:Skip shell extension 'dsv' for command environment
[0.444s] DEBUG:colcon.colcon_core.event_handler.log_command:Invoking command in '/home/karthik/Articulated_Robotics/dev_ws/build/my_package': CMAKE_PREFIX_PATH=/home/karthik/BitBots/ros2_ws/install/robot_controller:/opt/ros/humble /usr/bin/cmake /home/karthik/Articulated_Robotics/dev_ws/src/my_package -DAMENT_CMAKE_SYMLINK_INSTALL=1 -DCMAKE_INSTALL_PREFIX=/home/karthik/Articulated_Robotics/dev_ws/install/my_package
[1.136s] DEBUG:colcon.colcon_core.event_handler.log_command:Invoked command in '/home/karthik/Articulated_Robotics/dev_ws/build/my_package' returned '0': CMAKE_PREFIX_PATH=/home/karthik/BitBots/ros2_ws/install/robot_controller:/opt/ros/humble /usr/bin/cmake /home/karthik/Articulated_Robotics/dev_ws/src/my_package -DAMENT_CMAKE_SYMLINK_INSTALL=1 -DCMAKE_INSTALL_PREFIX=/home/karthik/Articulated_Robotics/dev_ws/install/my_package
[1.137s] DEBUG:colcon.colcon_core.event_handler.log_command:Invoking command in '/home/karthik/Articulated_Robotics/dev_ws/build/my_package': CMAKE_PREFIX_PATH=/home/karthik/BitBots/ros2_ws/install/robot_controller:/opt/ros/humble /usr/bin/cmake --build /home/karthik/Articulated_Robotics/dev_ws/build/my_package -- -j8 -l8
[1.176s] DEBUG:colcon.colcon_core.event_handler.log_command:Invoked command in '/home/karthik/Articulated_Robotics/dev_ws/build/my_package' returned '0': CMAKE_PREFIX_PATH=/home/karthik/BitBots/ros2_ws/install/robot_controller:/opt/ros/humble /usr/bin/cmake --build /home/karthik/Articulated_Robotics/dev_ws/build/my_package -- -j8 -l8
[1.208s] DEBUG:colcon.colcon_core.event_handler.log_command:Invoking command in '/home/karthik/Articulated_Robotics/dev_ws/build/my_package': CMAKE_PREFIX_PATH=/home/karthik/BitBots/ros2_ws/install/robot_controller:/opt/ros/humble /usr/bin/cmake --install /home/karthik/Articulated_Robotics/dev_ws/build/my_package
[1.370s] Level 1:colcon.colcon_core.environment:create_environment_scripts_only(my_package)
[1.371s] DEBUG:colcon.colcon_core.event_handler.log_command:Invoked command in '/home/karthik/Articulated_Robotics/dev_ws/build/my_package' returned '0': CMAKE_PREFIX_PATH=/home/karthik/BitBots/ros2_ws/install/robot_controller:/opt/ros/humble /usr/bin/cmake --install /home/karthik/Articulated_Robotics/dev_ws/build/my_package
[1.376s] Level 1:colcon.colcon_core.environment:checking '/home/karthik/Articulated_Robotics/dev_ws/install/my_package' for CMake module files
[1.376s] Level 1:colcon.colcon_core.environment:checking '/home/karthik/Articulated_Robotics/dev_ws/install/my_package' for CMake config files
[1.376s] Level 1:colcon.colcon_core.shell:create_environment_hook('my_package', 'cmake_prefix_path')
[1.378s] INFO:colcon.colcon_core.shell:Creating environment hook '/home/karthik/Articulated_Robotics/dev_ws/install/my_package/share/my_package/hook/cmake_prefix_path.ps1'
[1.378s] INFO:colcon.colcon_core.shell:Creating environment descriptor '/home/karthik/Articulated_Robotics/dev_ws/install/my_package/share/my_package/hook/cmake_prefix_path.dsv'
[1.379s] INFO:colcon.colcon_core.shell:Creating environment hook '/home/karthik/Articulated_Robotics/dev_ws/install/my_package/share/my_package/hook/cmake_prefix_path.sh'
[1.380s] Level 1:colcon.colcon_core.environment:checking '/home/karthik/Articulated_Robotics/dev_ws/install/my_package/bin'
[1.380s] Level 1:colcon.colcon_core.environment:checking '/home/karthik/Articulated_Robotics/dev_ws/install/my_package/lib/pkgconfig/my_package.pc'
[1.380s] Level 1:colcon.colcon_core.environment:checking '/home/karthik/Articulated_Robotics/dev_ws/install/my_package/lib/python3.10/site-packages'
[1.380s] Level 1:colcon.colcon_core.environment:checking '/home/karthik/Articulated_Robotics/dev_ws/install/my_package/bin'
[1.382s] INFO:colcon.colcon_core.shell:Creating package script '/home/karthik/Articulated_Robotics/dev_ws/install/my_package/share/my_package/package.ps1'
[1.382s] INFO:colcon.colcon_core.shell:Creating package descriptor '/home/karthik/Articulated_Robotics/dev_ws/install/my_package/share/my_package/package.dsv'
[1.383s] INFO:colcon.colcon_core.shell:Creating package script '/home/karthik/Articulated_Robotics/dev_ws/install/my_package/share/my_package/package.sh'
[1.384s] INFO:colcon.colcon_core.shell:Creating package script '/home/karthik/Articulated_Robotics/dev_ws/install/my_package/share/my_package/package.bash'
[1.384s] INFO:colcon.colcon_core.shell:Creating package script '/home/karthik/Articulated_Robotics/dev_ws/install/my_package/share/my_package/package.zsh'
[1.385s] Level 1:colcon.colcon_core.environment:create_file_with_runtime_dependencies(/home/karthik/Articulated_Robotics/dev_ws/install/my_package/share/colcon-core/packages/my_package)
[1.409s] Level 1:colcon.colcon_core.environment:create_environment_scripts_only(my_package)
[1.411s] Level 1:colcon.colcon_core.environment:checking '/home/karthik/Articulated_Robotics/dev_ws/install/my_package' for CMake module files
[1.411s] Level 1:colcon.colcon_core.environment:checking '/home/karthik/Articulated_Robotics/dev_ws/install/my_package' for CMake config files
[1.411s] Level 1:colcon.colcon_core.shell:create_environment_hook('my_package', 'cmake_prefix_path')
[1.413s] INFO:colcon.colcon_core.shell:Creating environment hook '/home/karthik/Articulated_Robotics/dev_ws/install/my_package/share/my_package/hook/cmake_prefix_path.ps1'
[1.422s] INFO:colcon.colcon_core.shell:Creating environment descriptor '/home/karthik/Articulated_Robotics/dev_ws/install/my_package/share/my_package/hook/cmake_prefix_path.dsv'
[1.422s] INFO:colcon.colcon_core.shell:Creating environment hook '/home/karthik/Articulated_Robotics/dev_ws/install/my_package/share/my_package/hook/cmake_prefix_path.sh'
[1.423s] Level 1:colcon.colcon_core.environment:checking '/home/karthik/Articulated_Robotics/dev_ws/install/my_package/bin'
[1.423s] Level 1:colcon.colcon_core.environment:checking '/home/karthik/Articulated_Robotics/dev_ws/install/my_package/lib/pkgconfig/my_package.pc'
[1.423s] Level 1:colcon.colcon_core.environment:checking '/home/karthik/Articulated_Robotics/dev_ws/install/my_package/lib/python3.10/site-packages'
[1.423s] Level 1:colcon.colcon_core.environment:checking '/home/karthik/Articulated_Robotics/dev_ws/install/my_package/bin'
[1.425s] INFO:colcon.colcon_core.shell:Creating package script '/home/karthik/Articulated_Robotics/dev_ws/install/my_package/share/my_package/package.ps1'
[1.425s] INFO:colcon.colcon_core.shell:Creating package descriptor '/home/karthik/Articulated_Robotics/dev_ws/install/my_package/share/my_package/package.dsv'
[1.426s] INFO:colcon.colcon_core.shell:Creating package script '/home/karthik/Articulated_Robotics/dev_ws/install/my_package/share/my_package/package.sh'
[1.426s] INFO:colcon.colcon_core.shell:Creating package script '/home/karthik/Articulated_Robotics/dev_ws/install/my_package/share/my_package/package.bash'
[1.427s] INFO:colcon.colcon_core.shell:Creating package script '/home/karthik/Articulated_Robotics/dev_ws/install/my_package/share/my_package/package.zsh'
[1.427s] Level 1:colcon.colcon_core.environment:create_file_with_runtime_dependencies(/home/karthik/Articulated_Robotics/dev_ws/install/my_package/share/colcon-core/packages/my_package)
[1.428s] DEBUG:colcon.colcon_parallel_executor.executor.parallel:closing loop
[1.428s] DEBUG:colcon.colcon_parallel_executor.executor.parallel:loop closed
[1.428s] DEBUG:colcon.colcon_parallel_executor.executor.parallel:run_until_complete finished with '0'
[1.429s] DEBUG:colcon.colcon_core.event_reactor:joining thread
[1.436s] INFO:colcon.colcon_core.plugin_system:Skipping extension 'colcon_notification.desktop_notification.terminal_notifier': Not used on non-Darwin systems
[1.436s] INFO:colcon.colcon_core.plugin_system:Skipping extension 'colcon_notification.desktop_notification.win32': Not used on non-Windows systems
[1.436s] INFO:colcon.colcon_notification.desktop_notification:Sending desktop notification using 'notify2'
[1.450s] DEBUG:colcon.colcon_core.event_reactor:joined thread
[1.453s] INFO:colcon.colcon_core.shell:Creating prefix script '/home/karthik/Articulated_Robotics/dev_ws/install/local_setup.ps1'
[1.455s] INFO:colcon.colcon_core.shell:Creating prefix util module '/home/karthik/Articulated_Robotics/dev_ws/install/_local_setup_util_ps1.py'
[1.458s] INFO:colcon.colcon_core.shell:Creating prefix chain script '/home/karthik/Articulated_Robotics/dev_ws/install/setup.ps1'
[1.460s] INFO:colcon.colcon_core.shell:Creating prefix script '/home/karthik/Articulated_Robotics/dev_ws/install/local_setup.sh'
[1.461s] INFO:colcon.colcon_core.shell:Creating prefix util module '/home/karthik/Articulated_Robotics/dev_ws/install/_local_setup_util_sh.py'
[1.462s] INFO:colcon.colcon_core.shell:Creating prefix chain script '/home/karthik/Articulated_Robotics/dev_ws/install/setup.sh'
[1.463s] INFO:colcon.colcon_core.shell:Creating prefix script '/home/karthik/Articulated_Robotics/dev_ws/install/local_setup.bash'
[1.464s] INFO:colcon.colcon_core.shell:Creating prefix chain script '/home/karthik/Articulated_Robotics/dev_ws/install/setup.bash'
[1.465s] INFO:colcon.colcon_core.shell:Creating prefix script '/home/karthik/Articulated_Robotics/dev_ws/install/local_setup.zsh'
[1.466s] INFO:colcon.colcon_core.shell:Creating prefix chain script '/home/karthik/Articulated_Robotics/dev_ws/install/setup.zsh'
